# JRE version: OpenJDK Runtime Environment (17.0.2+8) (build 17.0.2+8-86)
# Java VM: OpenJDK 64-Bit Server VM (17.0.2+8-86, mixed mode, sharing, tiered, compressed oops, compressed class ptrs, g1 gc, windows-amd64)
GC Precious Log:
 CPUs: 8 total, 8 available
 Memory: 8032M
 Large Page Support: Disabled
 NUMA Support: Disabled
 Compressed Oops: Enabled (32-bit)
 Heap Region Size: 1M
 Heap Min Capacity: 8M
 Heap Initial Capacity: 126M
 Heap Max Capacity: 2010M
 Pre-touch: Disabled
 Parallel Workers: 8
 Concurrent Workers: 2
 Concurrent Refinement Workers: 8
 Periodic GC: Disabled
Heap:
 garbage-first heap   total 138240K, used 68758K [0x0000000082600000, 0x0000000100000000)
  region size 1024K, 44 young (45056K), 3 survivors (3072K)
 Metaspace       used 69619K, committed 70144K, reserved 1114112K
  class space    used 9436K, committed 9664K, reserved 1048576K
GC Heap History (20 events):
Event: 5.589 GC heap before
{Heap before GC invocations=11 (full 0):
 garbage-first heap   total 63488K, used 21307K [0x0000000082600000, 0x0000000100000000)
  region size 1024K, 5 young (5120K), 4 survivors (4096K)
 Metaspace       used 45013K, committed 45440K, reserved 1089536K
  class space    used 5847K, committed 6080K, reserved 1048576K
}
Event: 5.593 GC heap after
{Heap after GC invocations=12 (full 0):
 garbage-first heap   total 63488K, used 21307K [0x0000000082600000, 0x0000000100000000)
  region size 1024K, 1 young (1024K), 1 survivors (1024K)
 Metaspace       used 45013K, committed 45440K, reserved 1089536K
  class space    used 5847K, committed 6080K, reserved 1048576K
}
Event: 6.176 GC heap before
{Heap before GC invocations=12 (full 0):
 garbage-first heap   total 63488K, used 45883K [0x0000000082600000, 0x0000000100000000)
  region size 1024K, 26 young (26624K), 1 survivors (1024K)
 Metaspace       used 50916K, committed 51392K, reserved 1097728K
  class space    used 6799K, committed 7040K, reserved 1048576K
}
Event: 6.180 GC heap after
{Heap after GC invocations=13 (full 0):
 garbage-first heap   total 63488K, used 21978K [0x0000000082600000, 0x0000000100000000)
  region size 1024K, 2 young (2048K), 2 survivors (2048K)
 Metaspace       used 50916K, committed 51392K, reserved 1097728K
  class space    used 6799K, committed 7040K, reserved 1048576K
}
Event: 7.021 GC heap before
{Heap before GC invocations=13 (full 0):
 garbage-first heap   total 63488K, used 47578K [0x0000000082600000, 0x0000000100000000)
  region size 1024K, 27 young (27648K), 2 survivors (2048K)
 Metaspace       used 54269K, committed 54784K, reserved 1097728K
  class space    used 7269K, committed 7488K, reserved 1048576K
}
Event: 7.023 GC heap after
{Heap after GC invocations=14 (full 0):
 garbage-first heap   total 63488K, used 22922K [0x0000000082600000, 0x0000000100000000)
  region size 1024K, 3 young (3072K), 3 survivors (3072K)
 Metaspace       used 54269K, committed 54784K, reserved 1097728K
  class space    used 7269K, committed 7488K, reserved 1048576K
}
Event: 8.051 GC heap before
{Heap before GC invocations=14 (full 0):
 garbage-first heap   total 63488K, used 47498K [0x0000000082600000, 0x0000000100000000)
  region size 1024K, 28 young (28672K), 3 survivors (3072K)
 Metaspace       used 58237K, committed 58688K, reserved 1105920K
  class space    used 7743K, committed 7936K, reserved 1048576K
}
Event: 8.055 GC heap after
{Heap after GC invocations=15 (full 0):
 garbage-first heap   total 63488K, used 24666K [0x0000000082600000, 0x0000000100000000)
  region size 1024K, 4 young (4096K), 4 survivors (4096K)
 Metaspace       used 58237K, committed 58688K, reserved 1105920K
  class space    used 7743K, committed 7936K, reserved 1048576K
}
Event: 8.175 GC heap before
{Heap before GC invocations=15 (full 0):
 garbage-first heap   total 63488K, used 30810K [0x0000000082600000, 0x0000000100000000)
  region size 1024K, 11 young (11264K), 4 survivors (4096K)
 Metaspace       used 59757K, committed 60288K, reserved 1105920K
  class space    used 8098K, committed 8384K, reserved 1048576K
}
Event: 8.179 GC heap after
{Heap after GC invocations=16 (full 0):
 garbage-first heap   total 63488K, used 25477K [0x0000000082600000, 0x0000000100000000)
  region size 1024K, 3 young (3072K), 3 survivors (3072K)
 Metaspace       used 59757K, committed 60288K, reserved 1105920K
  class space    used 8098K, committed 8384K, reserved 1048576K
}
Event: 8.436 GC heap before
{Heap before GC invocations=17 (full 0):
 garbage-first heap   total 63488K, used 48005K [0x0000000082600000, 0x0000000100000000)
  region size 1024K, 26 young (26624K), 3 survivors (3072K)
 Metaspace       used 60806K, committed 61440K, reserved 1105920K
  class space    used 8261K, committed 8576K, reserved 1048576K
}
Event: 8.440 GC heap after
{Heap after GC invocations=18 (full 0):
 garbage-first heap   total 63488K, used 26119K [0x0000000082600000, 0x0000000100000000)
  region size 1024K, 2 young (2048K), 2 survivors (2048K)
 Metaspace       used 60806K, committed 61440K, reserved 1105920K
  class space    used 8261K, committed 8576K, reserved 1048576K
}
Event: 8.444 GC heap before
{Heap before GC invocations=18 (full 0):
 garbage-first heap   total 63488K, used 27143K [0x0000000082600000, 0x0000000100000000)
  region size 1024K, 3 young (3072K), 2 survivors (2048K)
 Metaspace       used 60807K, committed 61440K, reserved 1105920K
  class space    used 8261K, committed 8576K, reserved 1048576K
}
Event: 8.447 GC heap after
{Heap after GC invocations=19 (full 0):
 garbage-first heap   total 63488K, used 26103K [0x0000000082600000, 0x0000000100000000)
  region size 1024K, 1 young (1024K), 1 survivors (1024K)
 Metaspace       used 60807K, committed 61440K, reserved 1105920K
  class space    used 8261K, committed 8576K, reserved 1048576K
}
Event: 8.693 GC heap before
{Heap before GC invocations=19 (full 0):
 garbage-first heap   total 63488K, used 48631K [0x0000000082600000, 0x0000000100000000)
  region size 1024K, 23 young (23552K), 1 survivors (1024K)
 Metaspace       used 61054K, committed 61632K, reserved 1105920K
  class space    used 8278K, committed 8576K, reserved 1048576K
}
Event: 8.694 GC heap after
{Heap after GC invocations=20 (full 0):
 garbage-first heap   total 63488K, used 26528K [0x0000000082600000, 0x0000000100000000)
  region size 1024K, 1 young (1024K), 1 survivors (1024K)
 Metaspace       used 61054K, committed 61632K, reserved 1105920K
  class space    used 8278K, committed 8576K, reserved 1048576K
}
Event: 8.952 GC heap before
{Heap before GC invocations=20 (full 0):
 garbage-first heap   total 63488K, used 50080K [0x0000000082600000, 0x0000000100000000)
  region size 1024K, 24 young (24576K), 1 survivors (1024K)
 Metaspace       used 61239K, committed 61824K, reserved 1105920K
  class space    used 8289K, committed 8576K, reserved 1048576K
}
Event: 8.955 GC heap after
{Heap after GC invocations=21 (full 0):
 garbage-first heap   total 63488K, used 27029K [0x0000000082600000, 0x0000000100000000)
  region size 1024K, 2 young (2048K), 2 survivors (2048K)
 Metaspace       used 61239K, committed 61824K, reserved 1105920K
  class space    used 8289K, committed 8576K, reserved 1048576K
}
Event: 9.646 GC heap before
{Heap before GC invocations=21 (full 0):
 garbage-first heap   total 63488K, used 50581K [0x0000000082600000, 0x0000000100000000)
  region size 1024K, 25 young (25600K), 2 survivors (2048K)
 Metaspace       used 64405K, committed 64960K, reserved 1105920K
  class space    used 8733K, committed 9024K, reserved 1048576K
}
Event: 9.651 GC heap after
{Heap after GC invocations=22 (full 0):
 garbage-first heap   total 138240K, used 28822K [0x0000000082600000, 0x0000000100000000)
  region size 1024K, 3 young (3072K), 3 survivors (3072K)
 Metaspace       used 64405K, committed 64960K, reserved 1105920K
  class space    used 8733K, committed 9024K, reserved 1048576K
}

