# JRE version: OpenJDK Runtime Environment (17.0.2+8) (build 17.0.2+8-86)
# Java VM: OpenJDK 64-Bit Server VM (17.0.2+8-86, mixed mode, sharing, tiered, compressed oops, compressed class ptrs, g1 gc, windows-amd64)
GC Precious Log:
 CPUs: 8 total, 8 available
 Memory: 8032M
 Large Page Support: Disabled
 NUMA Support: Disabled
 Compressed Oops: Enabled (32-bit)
 Heap Region Size: 1M
 Heap Min Capacity: 8M
 Heap Initial Capacity: 126M
 Heap Max Capacity: 2010M
 Pre-touch: Disabled
 Parallel Workers: 8
 Concurrent Workers: 2
 Concurrent Refinement Workers: 8
 Periodic GC: Disabled
Heap:
 garbage-first heap   total 83968K, used 50899K [0x0000000082600000, 0x0000000100000000)
  region size 1024K, 25 young (25600K), 1 survivors (1024K)
 Metaspace       used 64355K, committed 64896K, reserved 1105920K
  class space    used 8739K, committed 8960K, reserved 1048576K
GC Heap History (20 events):
Event: 8.843 GC heap before
{Heap before GC invocations=14 (full 0):
 garbage-first heap   total 51200K, used 39544K [0x0000000082600000, 0x0000000100000000)
  region size 1024K, 20 young (20480K), 2 survivors (2048K)
 Metaspace       used 54006K, committed 54464K, reserved 1097728K
  class space    used 7266K, committed 7488K, reserved 1048576K
}
Event: 8.846 GC heap after
{Heap after GC invocations=15 (full 0):
 garbage-first heap   total 51200K, used 22921K [0x0000000082600000, 0x0000000100000000)
  region size 1024K, 2 young (2048K), 2 survivors (2048K)
 Metaspace       used 54006K, committed 54464K, reserved 1097728K
  class space    used 7266K, committed 7488K, reserved 1048576K
}
Event: 10.642 GC heap before
{Heap before GC invocations=15 (full 0):
 garbage-first heap   total 51200K, used 40329K [0x0000000082600000, 0x0000000100000000)
  region size 1024K, 20 young (20480K), 2 survivors (2048K)
 Metaspace       used 56643K, committed 57216K, reserved 1105920K
  class space    used 7543K, committed 7808K, reserved 1048576K
}
Event: 10.647 GC heap after
{Heap after GC invocations=16 (full 0):
 garbage-first heap   total 51200K, used 24188K [0x0000000082600000, 0x0000000100000000)
  region size 1024K, 3 young (3072K), 3 survivors (3072K)
 Metaspace       used 56643K, committed 57216K, reserved 1105920K
  class space    used 7543K, committed 7808K, reserved 1048576K
}
Event: 11.163 GC heap before
{Heap before GC invocations=16 (full 0):
 garbage-first heap   total 51200K, used 40572K [0x0000000082600000, 0x0000000100000000)
  region size 1024K, 20 young (20480K), 3 survivors (3072K)
 Metaspace       used 59401K, committed 59840K, reserved 1105920K
  class space    used 8034K, committed 8256K, reserved 1048576K
}
Event: 11.169 GC heap after
{Heap after GC invocations=17 (full 0):
 garbage-first heap   total 51200K, used 25219K [0x0000000082600000, 0x0000000100000000)
  region size 1024K, 3 young (3072K), 3 survivors (3072K)
 Metaspace       used 59401K, committed 59840K, reserved 1105920K
  class space    used 8034K, committed 8256K, reserved 1048576K
}
Event: 11.313 GC heap before
{Heap before GC invocations=17 (full 0):
 garbage-first heap   total 51200K, used 34435K [0x0000000082600000, 0x0000000100000000)
  region size 1024K, 13 young (13312K), 3 survivors (3072K)
 Metaspace       used 59942K, committed 60416K, reserved 1105920K
  class space    used 8111K, committed 8320K, reserved 1048576K
}
Event: 11.316 GC heap after
{Heap after GC invocations=18 (full 0):
 garbage-first heap   total 51200K, used 26195K [0x0000000082600000, 0x0000000100000000)
  region size 1024K, 2 young (2048K), 2 survivors (2048K)
 Metaspace       used 59942K, committed 60416K, reserved 1105920K
  class space    used 8111K, committed 8320K, reserved 1048576K
}
Event: 11.651 GC heap before
{Heap before GC invocations=19 (full 0):
 garbage-first heap   total 51200K, used 41555K [0x0000000082600000, 0x0000000100000000)
  region size 1024K, 17 young (17408K), 2 survivors (2048K)
 Metaspace       used 60830K, committed 61312K, reserved 1105920K
  class space    used 8265K, committed 8512K, reserved 1048576K
}
Event: 11.655 GC heap after
{Heap after GC invocations=20 (full 0):
 garbage-first heap   total 51200K, used 26492K [0x0000000082600000, 0x0000000100000000)
  region size 1024K, 2 young (2048K), 2 survivors (2048K)
 Metaspace       used 60830K, committed 61312K, reserved 1105920K
  class space    used 8265K, committed 8512K, reserved 1048576K
}
Event: 11.824 GC heap before
{Heap before GC invocations=21 (full 0):
 garbage-first heap   total 51200K, used 40828K [0x0000000082600000, 0x0000000100000000)
  region size 1024K, 16 young (16384K), 2 survivors (2048K)
 Metaspace       used 60921K, committed 61376K, reserved 1105920K
  class space    used 8279K, committed 8512K, reserved 1048576K
}
Event: 11.825 GC heap after
{Heap after GC invocations=22 (full 0):
 garbage-first heap   total 51200K, used 26842K [0x0000000082600000, 0x0000000100000000)
  region size 1024K, 1 young (1024K), 1 survivors (1024K)
 Metaspace       used 60921K, committed 61376K, reserved 1105920K
  class space    used 8279K, committed 8512K, reserved 1048576K
}
Event: 11.839 GC heap before
{Heap before GC invocations=22 (full 0):
 garbage-first heap   total 51200K, used 27866K [0x0000000082600000, 0x0000000100000000)
  region size 1024K, 2 young (2048K), 1 survivors (1024K)
 Metaspace       used 60921K, committed 61376K, reserved 1105920K
  class space    used 8279K, committed 8512K, reserved 1048576K
}
Event: 11.842 GC heap after
{Heap after GC invocations=23 (full 0):
 garbage-first heap   total 51200K, used 26809K [0x0000000082600000, 0x0000000100000000)
  region size 1024K, 1 young (1024K), 1 survivors (1024K)
 Metaspace       used 60921K, committed 61376K, reserved 1105920K
  class space    used 8279K, committed 8512K, reserved 1048576K
}
Event: 12.004 GC heap before
{Heap before GC invocations=23 (full 0):
 garbage-first heap   total 51200K, used 42169K [0x0000000082600000, 0x0000000100000000)
  region size 1024K, 16 young (16384K), 1 survivors (1024K)
 Metaspace       used 61052K, committed 61568K, reserved 1105920K
  class space    used 8286K, committed 8512K, reserved 1048576K
}
Event: 12.005 GC heap after
{Heap after GC invocations=24 (full 0):
 garbage-first heap   total 51200K, used 27070K [0x0000000082600000, 0x0000000100000000)
  region size 1024K, 1 young (1024K), 1 survivors (1024K)
 Metaspace       used 61052K, committed 61568K, reserved 1105920K
  class space    used 8286K, committed 8512K, reserved 1048576K
}
Event: 12.140 GC heap before
{Heap before GC invocations=25 (full 0):
 garbage-first heap   total 53248K, used 42430K [0x0000000082600000, 0x0000000100000000)
  region size 1024K, 16 young (16384K), 1 survivors (1024K)
 Metaspace       used 61134K, committed 61632K, reserved 1105920K
  class space    used 8292K, committed 8512K, reserved 1048576K
}
Event: 12.143 GC heap after
{Heap after GC invocations=26 (full 0):
 garbage-first heap   total 53248K, used 27354K [0x0000000082600000, 0x0000000100000000)
  region size 1024K, 1 young (1024K), 1 survivors (1024K)
 Metaspace       used 61134K, committed 61632K, reserved 1105920K
  class space    used 8292K, committed 8512K, reserved 1048576K
}
Event: 12.169 GC heap before
{Heap before GC invocations=26 (full 0):
 garbage-first heap   total 53248K, used 28378K [0x0000000082600000, 0x0000000100000000)
  region size 1024K, 2 young (2048K), 1 survivors (1024K)
 Metaspace       used 61174K, committed 61760K, reserved 1105920K
  class space    used 8294K, committed 8576K, reserved 1048576K
}
Event: 12.171 GC heap after
{Heap after GC invocations=27 (full 0):
 garbage-first heap   total 83968K, used 27347K [0x0000000082600000, 0x0000000100000000)
  region size 1024K, 1 young (1024K), 1 survivors (1024K)
 Metaspace       used 61174K, committed 61760K, reserved 1105920K
  class space    used 8294K, committed 8576K, reserved 1048576K
}

